<?xml version="1.0" encoding="UTF-8"?>
<!-- Generated by org.testng.reporters.JUnitXMLReporter -->
<testsuite ignored="0" hostname="SanthoshN" failures="0" tests="3" name="Default test" time="12.98" errors="0" timestamp="19 Jan 2025 12:07:14 GMT">
  <testcase classname="chapter4.LearnDataProvider" name="logintoLetCode" time="12.241"/>
  <testcase classname="chapter4.LearnDataProvider" name="logintoLetCode" time="12.304"/>
  <testcase classname="chapter4.LearnDataProvider" name="logintoLetCode" time="12.335"/>
</testsuite> <!-- Default test -->
