<?xml version="1.0" encoding="UTF-8"?>
<!-- Generated by org.testng.reporters.JUnitXMLReporter -->
<testsuite ignored="0" hostname="SanthoshN" failures="0" tests="3" name="Test" time="16.063" errors="0" timestamp="31 Jan 2025 15:46:35 GMT">
  <testcase classname="chapter4.LearnDataProvider" name="logintoLetCode" time="9.767"/>
  <testcase classname="chapter4.LearnDataProvider" name="logintoLetCode" time="9.993"/>
  <testcase classname="chapter4.LearnDataProvider" name="logintoLetCode" time="15.067"/>
</testsuite> <!-- Test -->
