<?xml version="1.0" encoding="UTF-8"?>
<!-- Generated by org.testng.reporters.JUnitXMLReporter -->
<testsuite ignored="0" hostname="SanthoshN" failures="0" tests="3" name="Test" time="11.92" errors="0" timestamp="19 Jan 2025 12:14:08 GMT">
  <testcase classname="chapter4.LearnDataProvider" name="logintoLetCode" time="11.213"/>
  <testcase classname="chapter4.LearnDataProvider" name="logintoLetCode" time="11.228"/>
  <testcase classname="chapter4.LearnDataProvider" name="logintoLetCode" time="11.258"/>
</testsuite> <!-- Test -->
