<?xml version="1.0" encoding="UTF-8"?>
<testng-results ignored="0" total="3" passed="3" failed="0" skipped="0">
  <reporter-output>
  </reporter-output>
  <suite started-at="2025-01-31T15:46:19Z" name="Suite" finished-at="2025-01-31T15:46:35Z" duration-ms="16063">
    <groups>
    </groups>
    <test started-at="2025-01-31T15:46:19Z" name="Test" finished-at="2025-01-31T15:46:35Z" duration-ms="16063">
      <class name="chapter4.LearnDataProvider">
        <test-method signature="logintoLetCode(java.lang.String, java.lang.String)[pri:0, instance:chapter4.LearnDataProvider@6c7a164b]" started-at="2025-01-31T15:46:20Z" name="logintoLetCode" data-provider="getExcelSheetData" finished-at="2025-01-31T15:46:30Z" duration-ms="9993" status="PASS">
          <params>
            <param index="0">
              <value>
                <![CDATA[sam]]>
              </value>
            </param>
            <param index="1">
              <value>
                <![CDATA[23456]]>
              </value>
            </param>
          </params>
          <reporter-output>
          </reporter-output>
        </test-method> <!-- logintoLetCode -->
        <test-method signature="logintoLetCode(java.lang.String, java.lang.String)[pri:0, instance:chapter4.LearnDataProvider@6c7a164b]" started-at="2025-01-31T15:46:20Z" name="logintoLetCode" data-provider="getExcelSheetData" finished-at="2025-01-31T15:46:30Z" duration-ms="9767" status="PASS">
          <params>
            <param index="0">
              <value>
                <![CDATA[sathish]]>
              </value>
            </param>
            <param index="1">
              <value>
                <![CDATA[7987987]]>
              </value>
            </param>
          </params>
          <reporter-output>
          </reporter-output>
        </test-method> <!-- logintoLetCode -->
        <test-method signature="logintoLetCode(java.lang.String, java.lang.String)[pri:0, instance:chapter4.LearnDataProvider@6c7a164b]" started-at="2025-01-31T15:46:20Z" name="logintoLetCode" data-provider="getExcelSheetData" finished-at="2025-01-31T15:46:35Z" duration-ms="15067" status="PASS">
          <params>
            <param index="0">
              <value>
                <![CDATA[akash]]>
              </value>
            </param>
            <param index="1">
              <value>
                <![CDATA[12345]]>
              </value>
            </param>
          </params>
          <reporter-output>
          </reporter-output>
        </test-method> <!-- logintoLetCode -->
      </class> <!-- chapter4.LearnDataProvider -->
    </test> <!-- Test -->
  </suite> <!-- Suite -->
</testng-results>
